# JRE version: OpenJDK Runtime Environment Temurin-17.0.13+11 (17.0.13+11) (build 17.0.13+11)
# Java VM: OpenJDK 64-Bit Server VM Temurin-17.0.13+11 (17.0.13+11, mixed mode, tiered, compressed oops, compressed class ptrs, parallel gc, windows-amd64)
GC Precious Log:
 CPUs: 8 total, 8 available
 Memory: 6056M
 Large Page Support: Disabled
 NUMA Support: Disabled
 Compressed Oops: Enabled (32-bit)
 Alignments: Space 512K, Generation 512K, Heap 2M
 Heap Min Capacity: 100M
 Heap Initial Capacity: 100M
 Heap Max Capacity: 1G
 Pre-touch: Disabled
 Parallel Workers: 8
Heap:
 PSYoungGen      total 109568K, used 10374K [0x00000000eab00000, 0x00000000f4180000, 0x0000000100000000)
  eden space 68096K, 15% used [0x00000000eab00000,0x00000000eb5218e0,0x00000000eed80000)
  from space 41472K, 0% used [0x00000000f1900000,0x00000000f1900000,0x00000000f4180000)
  to   space 43008K, 0% used [0x00000000eed80000,0x00000000eed80000,0x00000000f1780000)
 ParOldGen       total 310784K, used 220705K [0x00000000c0000000, 0x00000000d2f80000, 0x00000000eab00000)
  object space 310784K, 71% used [0x00000000c0000000,0x00000000cd7887c8,0x00000000d2f80000)
 Metaspace       used 63813K, committed 64960K, reserved 1114112K
  class space    used 6892K, committed 7360K, reserved 1048576K
GC Heap History (20 events):
Event: 38.768 GC heap before
{Heap before GC invocations=217 (full 12):
 PSYoungGen      total 56832K, used 56160K [0x00000000eab00000, 0x00000000eea80000, 0x0000000100000000)
  eden space 48640K, 100% used [0x00000000eab00000,0x00000000eda80000,0x00000000eda80000)
  from space 8192K, 91% used [0x00000000ee280000,0x00000000ee9d8000,0x00000000eea80000)
  to   space 8192K, 0% used [0x00000000eda80000,0x00000000eda80000,0x00000000ee280000)
 ParOldGen       total 331776K, used 252539K [0x00000000c0000000, 0x00000000d4400000, 0x00000000eab00000)
  object space 331776K, 76% used [0x00000000c0000000,0x00000000cf69ed18,0x00000000d4400000)
 Metaspace       used 63384K, committed 64512K, reserved 1114112K
  class space    used 6863K, committed 7360K, reserved 1048576K
}
Event: 38.780 GC heap after
{Heap after GC invocations=217 (full 12):
 PSYoungGen      total 56832K, used 8192K [0x00000000eab00000, 0x00000000efd00000, 0x0000000100000000)
  eden space 48640K, 0% used [0x00000000eab00000,0x00000000eab00000,0x00000000eda80000)
  from space 8192K, 100% used [0x00000000eda80000,0x00000000ee280000,0x00000000ee280000)
  to   space 16384K, 0% used [0x00000000eed00000,0x00000000eed00000,0x00000000efd00000)
 ParOldGen       total 331776K, used 259187K [0x00000000c0000000, 0x00000000d4400000, 0x00000000eab00000)
  object space 331776K, 78% used [0x00000000c0000000,0x00000000cfd1cd18,0x00000000d4400000)
 Metaspace       used 63384K, committed 64512K, reserved 1114112K
  class space    used 6863K, committed 7360K, reserved 1048576K
}
Event: 39.029 GC heap before
{Heap before GC invocations=218 (full 12):
 PSYoungGen      total 56832K, used 56832K [0x00000000eab00000, 0x00000000efd00000, 0x0000000100000000)
  eden space 48640K, 100% used [0x00000000eab00000,0x00000000eda80000,0x00000000eda80000)
  from space 8192K, 100% used [0x00000000eda80000,0x00000000ee280000,0x00000000ee280000)
  to   space 16384K, 0% used [0x00000000eed00000,0x00000000eed00000,0x00000000efd00000)
 ParOldGen       total 331776K, used 259187K [0x00000000c0000000, 0x00000000d4400000, 0x00000000eab00000)
  object space 331776K, 78% used [0x00000000c0000000,0x00000000cfd1cd18,0x00000000d4400000)
 Metaspace       used 63384K, committed 64512K, reserved 1114112K
  class space    used 6863K, committed 7360K, reserved 1048576K
}
Event: 39.042 GC heap after
{Heap after GC invocations=218 (full 12):
 PSYoungGen      total 63488K, used 11936K [0x00000000eab00000, 0x00000000ef900000, 0x0000000100000000)
  eden space 51200K, 0% used [0x00000000eab00000,0x00000000eab00000,0x00000000edd00000)
  from space 12288K, 97% used [0x00000000eed00000,0x00000000ef8a8000,0x00000000ef900000)
  to   space 13312K, 0% used [0x00000000edf00000,0x00000000edf00000,0x00000000eec00000)
 ParOldGen       total 331776K, used 262995K [0x00000000c0000000, 0x00000000d4400000, 0x00000000eab00000)
  object space 331776K, 79% used [0x00000000c0000000,0x00000000d00d4d18,0x00000000d4400000)
 Metaspace       used 63384K, committed 64512K, reserved 1114112K
  class space    used 6863K, committed 7360K, reserved 1048576K
}
Event: 39.333 GC heap before
{Heap before GC invocations=219 (full 12):
 PSYoungGen      total 63488K, used 63136K [0x00000000eab00000, 0x00000000ef900000, 0x0000000100000000)
  eden space 51200K, 100% used [0x00000000eab00000,0x00000000edd00000,0x00000000edd00000)
  from space 12288K, 97% used [0x00000000eed00000,0x00000000ef8a8000,0x00000000ef900000)
  to   space 13312K, 0% used [0x00000000edf00000,0x00000000edf00000,0x00000000eec00000)
 ParOldGen       total 331776K, used 262995K [0x00000000c0000000, 0x00000000d4400000, 0x00000000eab00000)
  object space 331776K, 79% used [0x00000000c0000000,0x00000000d00d4d18,0x00000000d4400000)
 Metaspace       used 63384K, committed 64512K, reserved 1114112K
  class space    used 6863K, committed 7360K, reserved 1048576K
}
Event: 39.351 GC heap after
{Heap after GC invocations=219 (full 12):
 PSYoungGen      total 66560K, used 13312K [0x00000000eab00000, 0x00000000f1180000, 0x0000000100000000)
  eden space 53248K, 0% used [0x00000000eab00000,0x00000000eab00000,0x00000000edf00000)
  from space 13312K, 100% used [0x00000000edf00000,0x00000000eec00000,0x00000000eec00000)
  to   space 25600K, 0% used [0x00000000ef880000,0x00000000ef880000,0x00000000f1180000)
 ParOldGen       total 331776K, used 273047K [0x00000000c0000000, 0x00000000d4400000, 0x00000000eab00000)
  object space 331776K, 82% used [0x00000000c0000000,0x00000000d0aa5f28,0x00000000d4400000)
 Metaspace       used 63384K, committed 64512K, reserved 1114112K
  class space    used 6863K, committed 7360K, reserved 1048576K
}
Event: 39.595 GC heap before
{Heap before GC invocations=220 (full 12):
 PSYoungGen      total 66560K, used 66560K [0x00000000eab00000, 0x00000000f1180000, 0x0000000100000000)
  eden space 53248K, 100% used [0x00000000eab00000,0x00000000edf00000,0x00000000edf00000)
  from space 13312K, 100% used [0x00000000edf00000,0x00000000eec00000,0x00000000eec00000)
  to   space 25600K, 0% used [0x00000000ef880000,0x00000000ef880000,0x00000000f1180000)
 ParOldGen       total 331776K, used 273047K [0x00000000c0000000, 0x00000000d4400000, 0x00000000eab00000)
  object space 331776K, 82% used [0x00000000c0000000,0x00000000d0aa5f28,0x00000000d4400000)
 Metaspace       used 63384K, committed 64512K, reserved 1114112K
  class space    used 6863K, committed 7360K, reserved 1048576K
}
Event: 39.614 GC heap after
{Heap after GC invocations=220 (full 12):
 PSYoungGen      total 68608K, used 11968K [0x00000000eab00000, 0x00000000f0480000, 0x0000000100000000)
  eden space 56320K, 0% used [0x00000000eab00000,0x00000000eab00000,0x00000000ee200000)
  from space 12288K, 97% used [0x00000000ef880000,0x00000000f0430000,0x00000000f0480000)
  to   space 16384K, 0% used [0x00000000ee480000,0x00000000ee480000,0x00000000ef480000)
 ParOldGen       total 331776K, used 282351K [0x00000000c0000000, 0x00000000d4400000, 0x00000000eab00000)
  object space 331776K, 85% used [0x00000000c0000000,0x00000000d13bbf28,0x00000000d4400000)
 Metaspace       used 63384K, committed 64512K, reserved 1114112K
  class space    used 6863K, committed 7360K, reserved 1048576K
}
Event: 39.852 GC heap before
{Heap before GC invocations=221 (full 12):
 PSYoungGen      total 68608K, used 68288K [0x00000000eab00000, 0x00000000f0480000, 0x0000000100000000)
  eden space 56320K, 100% used [0x00000000eab00000,0x00000000ee200000,0x00000000ee200000)
  from space 12288K, 97% used [0x00000000ef880000,0x00000000f0430000,0x00000000f0480000)
  to   space 16384K, 0% used [0x00000000ee480000,0x00000000ee480000,0x00000000ef480000)
 ParOldGen       total 331776K, used 282351K [0x00000000c0000000, 0x00000000d4400000, 0x00000000eab00000)
  object space 331776K, 85% used [0x00000000c0000000,0x00000000d13bbf28,0x00000000d4400000)
 Metaspace       used 63385K, committed 64512K, reserved 1114112K
  class space    used 6863K, committed 7360K, reserved 1048576K
}
Event: 39.866 GC heap after
{Heap after GC invocations=221 (full 12):
 PSYoungGen      total 75264K, used 16368K [0x00000000eab00000, 0x00000000f1000000, 0x0000000100000000)
  eden space 58880K, 0% used [0x00000000eab00000,0x00000000eab00000,0x00000000ee480000)
  from space 16384K, 99% used [0x00000000ee480000,0x00000000ef47c010,0x00000000ef480000)
  to   space 22016K, 0% used [0x00000000efa80000,0x00000000efa80000,0x00000000f1000000)
 ParOldGen       total 331776K, used 286193K [0x00000000c0000000, 0x00000000d4400000, 0x00000000eab00000)
  object space 331776K, 86% used [0x00000000c0000000,0x00000000d177c748,0x00000000d4400000)
 Metaspace       used 63385K, committed 64512K, reserved 1114112K
  class space    used 6863K, committed 7360K, reserved 1048576K
}
Event: 40.053 GC heap before
{Heap before GC invocations=222 (full 12):
 PSYoungGen      total 75264K, used 75248K [0x00000000eab00000, 0x00000000f1000000, 0x0000000100000000)
  eden space 58880K, 100% used [0x00000000eab00000,0x00000000ee480000,0x00000000ee480000)
  from space 16384K, 99% used [0x00000000ee480000,0x00000000ef47c010,0x00000000ef480000)
  to   space 22016K, 0% used [0x00000000efa80000,0x00000000efa80000,0x00000000f1000000)
 ParOldGen       total 331776K, used 286193K [0x00000000c0000000, 0x00000000d4400000, 0x00000000eab00000)
  object space 331776K, 86% used [0x00000000c0000000,0x00000000d177c748,0x00000000d4400000)
 Metaspace       used 63385K, committed 64512K, reserved 1114112K
  class space    used 6863K, committed 7360K, reserved 1048576K
}
Event: 40.069 GC heap after
{Heap after GC invocations=222 (full 12):
 PSYoungGen      total 78336K, used 15248K [0x00000000eab00000, 0x00000000f0a00000, 0x0000000100000000)
  eden space 62464K, 0% used [0x00000000eab00000,0x00000000eab00000,0x00000000ee800000)
  from space 15872K, 96% used [0x00000000efa80000,0x00000000f0964010,0x00000000f0a00000)
  to   space 17408K, 0% used [0x00000000ee800000,0x00000000ee800000,0x00000000ef900000)
 ParOldGen       total 331776K, used 296024K [0x00000000c0000000, 0x00000000d4400000, 0x00000000eab00000)
  object space 331776K, 89% used [0x00000000c0000000,0x00000000d2116168,0x00000000d4400000)
 Metaspace       used 63385K, committed 64512K, reserved 1114112K
  class space    used 6863K, committed 7360K, reserved 1048576K
}
Event: 40.256 GC heap before
{Heap before GC invocations=223 (full 12):
 PSYoungGen      total 78336K, used 77712K [0x00000000eab00000, 0x00000000f0a00000, 0x0000000100000000)
  eden space 62464K, 100% used [0x00000000eab00000,0x00000000ee800000,0x00000000ee800000)
  from space 15872K, 96% used [0x00000000efa80000,0x00000000f0964010,0x00000000f0a00000)
  to   space 17408K, 0% used [0x00000000ee800000,0x00000000ee800000,0x00000000ef900000)
 ParOldGen       total 331776K, used 296024K [0x00000000c0000000, 0x00000000d4400000, 0x00000000eab00000)
  object space 331776K, 89% used [0x00000000c0000000,0x00000000d2116168,0x00000000d4400000)
 Metaspace       used 63385K, committed 64512K, reserved 1114112K
  class space    used 6863K, committed 7360K, reserved 1048576K
}
Event: 40.270 GC heap after
{Heap after GC invocations=223 (full 12):
 PSYoungGen      total 79872K, used 17392K [0x00000000eab00000, 0x00000000f1f00000, 0x0000000100000000)
  eden space 62464K, 0% used [0x00000000eab00000,0x00000000eab00000,0x00000000ee800000)
  from space 17408K, 99% used [0x00000000ee800000,0x00000000ef8fc010,0x00000000ef900000)
  to   space 26112K, 0% used [0x00000000f0580000,0x00000000f0580000,0x00000000f1f00000)
 ParOldGen       total 331776K, used 302842K [0x00000000c0000000, 0x00000000d4400000, 0x00000000eab00000)
  object space 331776K, 91% used [0x00000000c0000000,0x00000000d27be988,0x00000000d4400000)
 Metaspace       used 63385K, committed 64512K, reserved 1114112K
  class space    used 6863K, committed 7360K, reserved 1048576K
}
Event: 40.669 GC heap before
{Heap before GC invocations=224 (full 12):
 PSYoungGen      total 79872K, used 79856K [0x00000000eab00000, 0x00000000f1f00000, 0x0000000100000000)
  eden space 62464K, 100% used [0x00000000eab00000,0x00000000ee800000,0x00000000ee800000)
  from space 17408K, 99% used [0x00000000ee800000,0x00000000ef8fc010,0x00000000ef900000)
  to   space 26112K, 0% used [0x00000000f0580000,0x00000000f0580000,0x00000000f1f00000)
 ParOldGen       total 331776K, used 302842K [0x00000000c0000000, 0x00000000d4400000, 0x00000000eab00000)
  object space 331776K, 91% used [0x00000000c0000000,0x00000000d27be988,0x00000000d4400000)
 Metaspace       used 63386K, committed 64512K, reserved 1114112K
  class space    used 6863K, committed 7360K, reserved 1048576K
}
Event: 40.686 GC heap after
{Heap after GC invocations=224 (full 12):
 PSYoungGen      total 81920K, used 15552K [0x00000000eab00000, 0x00000000f1500000, 0x0000000100000000)
  eden space 66048K, 0% used [0x00000000eab00000,0x00000000eab00000,0x00000000eeb80000)
  from space 15872K, 97% used [0x00000000f0580000,0x00000000f14b0000,0x00000000f1500000)
  to   space 18944K, 0% used [0x00000000ef000000,0x00000000ef000000,0x00000000f0280000)
 ParOldGen       total 331776K, used 313558K [0x00000000c0000000, 0x00000000d4400000, 0x00000000eab00000)
  object space 331776K, 94% used [0x00000000c0000000,0x00000000d3235ba0,0x00000000d4400000)
 Metaspace       used 63386K, committed 64512K, reserved 1114112K
  class space    used 6863K, committed 7360K, reserved 1048576K
}
Event: 41.346 GC heap before
{Heap before GC invocations=225 (full 12):
 PSYoungGen      total 81920K, used 81600K [0x00000000eab00000, 0x00000000f1500000, 0x0000000100000000)
  eden space 66048K, 100% used [0x00000000eab00000,0x00000000eeb80000,0x00000000eeb80000)
  from space 15872K, 97% used [0x00000000f0580000,0x00000000f14b0000,0x00000000f1500000)
  to   space 18944K, 0% used [0x00000000ef000000,0x00000000ef000000,0x00000000f0280000)
 ParOldGen       total 331776K, used 313558K [0x00000000c0000000, 0x00000000d4400000, 0x00000000eab00000)
  object space 331776K, 94% used [0x00000000c0000000,0x00000000d3235ba0,0x00000000d4400000)
 Metaspace       used 63398K, committed 64512K, reserved 1114112K
  class space    used 6864K, committed 7360K, reserved 1048576K
}
Event: 41.371 GC heap after
{Heap after GC invocations=225 (full 12):
 PSYoungGen      total 88576K, used 18912K [0x00000000eab00000, 0x00000000f4300000, 0x0000000100000000)
  eden space 69632K, 0% used [0x00000000eab00000,0x00000000eab00000,0x00000000eef00000)
  from space 18944K, 99% used [0x00000000ef000000,0x00000000f0278010,0x00000000f0280000)
  to   space 43008K, 0% used [0x00000000f1900000,0x00000000f1900000,0x00000000f4300000)
 ParOldGen       total 333824K, used 333313K [0x00000000c0000000, 0x00000000d4600000, 0x00000000eab00000)
  object space 333824K, 99% used [0x00000000c0000000,0x00000000d4580400,0x00000000d4600000)
 Metaspace       used 63398K, committed 64512K, reserved 1114112K
  class space    used 6864K, committed 7360K, reserved 1048576K
}
Event: 42.726 GC heap before
{Heap before GC invocations=226 (full 13):
 PSYoungGen      total 88576K, used 88544K [0x00000000eab00000, 0x00000000f4300000, 0x0000000100000000)
  eden space 69632K, 100% used [0x00000000eab00000,0x00000000eef00000,0x00000000eef00000)
  from space 18944K, 99% used [0x00000000ef000000,0x00000000f0278010,0x00000000f0280000)
  to   space 43008K, 0% used [0x00000000f1900000,0x00000000f1900000,0x00000000f4300000)
 ParOldGen       total 333824K, used 333313K [0x00000000c0000000, 0x00000000d4600000, 0x00000000eab00000)
  object space 333824K, 99% used [0x00000000c0000000,0x00000000d4580400,0x00000000d4600000)
 Metaspace       used 63462K, committed 64576K, reserved 1114112K
  class space    used 6866K, committed 7360K, reserved 1048576K
}
Event: 42.802 GC heap after
{Heap after GC invocations=226 (full 13):
 PSYoungGen      total 109568K, used 0K [0x00000000eab00000, 0x00000000f4180000, 0x0000000100000000)
  eden space 68096K, 0% used [0x00000000eab00000,0x00000000eab00000,0x00000000eed80000)
  from space 41472K, 0% used [0x00000000f1900000,0x00000000f1900000,0x00000000f4180000)
  to   space 43008K, 0% used [0x00000000eed80000,0x00000000eed80000,0x00000000f1780000)
 ParOldGen       total 310784K, used 220705K [0x00000000c0000000, 0x00000000d2f80000, 0x00000000eab00000)
  object space 310784K, 71% used [0x00000000c0000000,0x00000000cd7887c8,0x00000000d2f80000)
 Metaspace       used 63462K, committed 64576K, reserved 1114112K
  class space    used 6866K, committed 7360K, reserved 1048576K
}

